Unknown configuration key throttle
vbam: could not connect to socket
vbam: No such file or directory
VBA-M (BBA) [SDL]
Searching for file vbam.cfg
Searching current directory: /home/rqin37/Desktop/CS2110/lecitation13
Searching home directory: /home/rqin37/.vbam
Searching data directory: /usr/share/vbam
Searching system config directory: /etc
Reading configuration file.
Searching for file vba-over.ini
Searching current directory: /home/rqin37/Desktop/CS2110/lecitation13
Searching home directory: /home/rqin37/.vbam
Searching data directory: /usr/share/vbam
Searching system config directory: /etc
vba-over.ini NOT FOUND (using emulator settings)
Trying patch lab15.ips
Trying patch lab15.ups
Trying patch lab15.ppf
Trying to start LIRC: Failed
Color depth: 32
Shutting down
18:13:18 07.07.2018: Wrote battery
